<?xml version="1.0" encoding="UTF-8"?>
<!-- Generated by org.testng.reporters.JUnitXMLReporter -->
<testsuite ignored="0" hostname="kavbalas" failures="2" tests="4" name="CalculatorTest" time="0.054" errors="0" timestamp="22 Feb 2019 07:24:44 GMT">
  <testcase classname="com.selenium.testNGbasics.CalculatorTest" name="testAdd" time="0.016"/>
  <testcase classname="com.selenium.testNGbasics.CalculatorTest" name="testdiv" time="0.0">
    <failure type="java.lang.AssertionError" message="expected [200] but found [0]">
      <![CDATA[java.lang.AssertionError: expected [200] but found [0]
at com.selenium.testNGbasics.CalculatorTest.testdiv(CalculatorTest.java:54)
at com.selenium.testNGbasics.TestNGRunner.main(TestNGRunner.java:15)
... Removed 28 stack frames]]>
    </failure>
  </testcase> <!-- testdiv -->
  <testcase classname="com.selenium.testNGbasics.CalculatorTest" name="testmul" time="0.0"/>
  <testcase classname="com.selenium.testNGbasics.CalculatorTest" name="testsub" time="0.0">
    <failure type="java.lang.AssertionError" message="expected [10] but found [-10]">
      <![CDATA[java.lang.AssertionError: expected [10] but found [-10]
at com.selenium.testNGbasics.CalculatorTest.testsub(CalculatorTest.java:33)
at com.selenium.testNGbasics.TestNGRunner.main(TestNGRunner.java:15)
... Removed 28 stack frames]]>
    </failure>
  </testcase> <!-- testsub -->
</testsuite> <!-- CalculatorTest -->
