<?xml version="1.0" encoding="UTF-8"?>
<!-- Generated by org.testng.reporters.JUnitXMLReporter -->
<testsuite ignored="0" hostname="kavbalas" failures="3" tests="8" name="TestNG_Basic_Test" time="0.061" errors="0" timestamp="25 Feb 2019 06:14:34 GMT">
  <testcase classname="com.selenium.testNGbasics.CalculatorTest" name="testAdd" time="0.01"/>
  <testcase classname="com.selenium.testNGbasics.CalculatorTest" name="testdiv" time="0.0">
    <failure type="java.lang.AssertionError" message="expected [200] but found [0]">
      <![CDATA[java.lang.AssertionError: expected [200] but found [0]
at com.selenium.testNGbasics.CalculatorTest.testdiv(CalculatorTest.java:54)
... Removed 31 stack frames]]>
    </failure>
  </testcase> <!-- testdiv -->
  <testcase classname="com.selenium.testNGbasics.CalculatorTest" name="testmul" time="0.0"/>
  <testcase classname="com.selenium.testNGbasics.CalculatorTest" name="testsub" time="0.0">
    <failure type="java.lang.AssertionError" message="expected [10] but found [-10]">
      <![CDATA[java.lang.AssertionError: expected [10] but found [-10]
at com.selenium.testNGbasics.CalculatorTest.testsub(CalculatorTest.java:33)
... Removed 31 stack frames]]>
    </failure>
  </testcase> <!-- testsub -->
  <testcase classname="com.selenium.testNGbasics.StringOperationTest" name="testlen" time="0.0"/>
  <testcase classname="com.selenium.testNGbasics.StringOperationTest" name="testrev" time="0.0">
    <failure type="java.lang.AssertionError" message="expected [false] but found [ayvak]">
      <![CDATA[java.lang.AssertionError: expected [false] but found [ayvak]
at com.selenium.testNGbasics.StringOperationTest.testrev(StringOperationTest.java:38)
... Removed 30 stack frames]]>
    </failure>
  </testcase> <!-- testrev -->
  <testcase classname="com.selenium.testNGbasics.LifeCycle_TestNG" name="test1" time="0.0"/>
  <testcase classname="com.selenium.testNGbasics.LifeCycle_TestNG" name="test2" time="0.0"/>
</testsuite> <!-- TestNG_Basic_Test -->
