<?xml version="1.0" encoding="UTF-8"?>
<testng-results ignored="0" total="2" passed="1" failed="1" skipped="0">
  <reporter-output>
  </reporter-output>
  <suite started-at="2019-04-02T09:43:56Z" name="TestNG Suite" finished-at="2019-04-02T09:43:56Z" duration-ms="40">
    <groups>
    </groups>
    <test started-at="2019-04-02T09:43:56Z" name="StringTest" finished-at="2019-04-02T09:43:56Z" duration-ms="40">
      <class name="com.selenium.testNGbasics.StringOperationTest">
        <test-method is-config="true" signature="createobj()[pri:0, instance:com.selenium.testNGbasics.StringOperationTest@77be656f]" started-at="2019-04-02T09:43:56Z" name="createobj" finished-at="2019-04-02T09:43:56Z" duration-ms="10" status="PASS">
          <reporter-output>
          </reporter-output>
        </test-method> <!-- createobj -->
        <test-method signature="testlen()[pri:0, instance:com.selenium.testNGbasics.StringOperationTest@77be656f]" started-at="2019-04-02T09:43:56Z" name="testlen" finished-at="2019-04-02T09:43:56Z" duration-ms="0" status="PASS">
          <reporter-output>
          </reporter-output>
        </test-method> <!-- testlen -->
        <test-method is-config="true" signature="delobj()[pri:0, instance:com.selenium.testNGbasics.StringOperationTest@77be656f]" started-at="2019-04-02T09:43:56Z" name="delobj" finished-at="2019-04-02T09:43:56Z" duration-ms="0" status="PASS">
          <reporter-output>
          </reporter-output>
        </test-method> <!-- delobj -->
        <test-method signature="testrev()[pri:0, instance:com.selenium.testNGbasics.StringOperationTest@77be656f]" started-at="2019-04-02T09:43:56Z" name="testrev" finished-at="2019-04-02T09:43:56Z" duration-ms="0" status="FAIL">
          <exception class="java.lang.AssertionError">
            <message>
              <![CDATA[expected [false] but found [ayvak]]]>
            </message>
            <full-stacktrace>
              <![CDATA[java.lang.AssertionError: expected [false] but found [ayvak]
at org.testng.Assert.fail(Assert.java:96)
at org.testng.Assert.failNotEquals(Assert.java:776)
at org.testng.Assert.assertEqualsImpl(Assert.java:137)
at org.testng.Assert.assertEquals(Assert.java:118)
at org.testng.Assert.assertEquals(Assert.java:442)
at com.selenium.testNGbasics.StringOperationTest.testrev(StringOperationTest.java:38)
at java.base/jdk.internal.reflect.NativeMethodAccessorImpl.invoke0(Native Method)
at java.base/jdk.internal.reflect.NativeMethodAccessorImpl.invoke(Unknown Source)
at java.base/jdk.internal.reflect.DelegatingMethodAccessorImpl.invoke(Unknown Source)
at java.base/java.lang.reflect.Method.invoke(Unknown Source)
at org.testng.internal.MethodInvocationHelper.invokeMethod(MethodInvocationHelper.java:124)
at org.testng.internal.Invoker.invokeMethod(Invoker.java:583)
at org.testng.internal.Invoker.invokeTestMethod(Invoker.java:719)
at org.testng.internal.Invoker.invokeTestMethods(Invoker.java:989)
at org.testng.internal.TestMethodWorker.invokeTestMethods(TestMethodWorker.java:125)
at org.testng.internal.TestMethodWorker.run(TestMethodWorker.java:109)
at org.testng.TestRunner.privateRun(TestRunner.java:648)
at org.testng.TestRunner.run(TestRunner.java:505)
at org.testng.SuiteRunner.runTest(SuiteRunner.java:455)
at org.testng.SuiteRunner.runSequentially(SuiteRunner.java:450)
at org.testng.SuiteRunner.privateRun(SuiteRunner.java:415)
at org.testng.SuiteRunner.run(SuiteRunner.java:364)
at org.testng.SuiteRunnerWorker.runSuite(SuiteRunnerWorker.java:52)
at org.testng.SuiteRunnerWorker.run(SuiteRunnerWorker.java:84)
at org.testng.TestNG.runSuitesSequentially(TestNG.java:1208)
at org.testng.TestNG.runSuitesLocally(TestNG.java:1137)
at org.testng.TestNG.runSuites(TestNG.java:1049)
at org.testng.TestNG.run(TestNG.java:1017)
at com.selenium.testNGbasics.TestRunner_String.main(TestRunner_String.java:15)
]]>
            </full-stacktrace>
          </exception> <!-- java.lang.AssertionError -->
          <reporter-output>
          </reporter-output>
        </test-method> <!-- testrev -->
        <test-method is-config="true" signature="createobj()[pri:0, instance:com.selenium.testNGbasics.StringOperationTest@77be656f]" started-at="2019-04-02T09:43:56Z" name="createobj" finished-at="2019-04-02T09:43:56Z" duration-ms="0" status="PASS">
          <reporter-output>
          </reporter-output>
        </test-method> <!-- createobj -->
        <test-method is-config="true" signature="delobj()[pri:0, instance:com.selenium.testNGbasics.StringOperationTest@77be656f]" started-at="2019-04-02T09:43:56Z" name="delobj" finished-at="2019-04-02T09:43:56Z" duration-ms="0" status="PASS">
          <reporter-output>
          </reporter-output>
        </test-method> <!-- delobj -->
      </class> <!-- com.selenium.testNGbasics.StringOperationTest -->
    </test> <!-- StringTest -->
  </suite> <!-- TestNG Suite -->
</testng-results>
